Determining if the pthread_create exist failed with the following output:
Change Dir: /home/jakub/dev/repos/chandy-misra/cmake-build-debug/CMakeFiles/CMakeTmp

Run Build Command:"/usr/bin/make" "cmTC_d8803/fast"
/usr/bin/make -f CMakeFiles/cmTC_d8803.dir/build.make CMakeFiles/cmTC_d8803.dir/build
make[1]: Entering directory '/home/jakub/dev/repos/chandy-misra/cmake-build-debug/CMakeFiles/CMakeTmp'
Building C object CMakeFiles/cmTC_d8803.dir/CheckSymbolExists.c.o
/usr/bin/cc    -o CMakeFiles/cmTC_d8803.dir/CheckSymbolExists.c.o   -c /home/jakub/dev/repos/chandy-misra/cmake-build-debug/CMakeFiles/CMakeTmp/CheckSymbolExists.c
Linking C executable cmTC_d8803
/home/jakub/dev/tools/clion-2018.1.4/bin/cmake/bin/cmake -E cmake_link_script CMakeFiles/cmTC_d8803.dir/link.txt --verbose=1
/usr/bin/cc      CMakeFiles/cmTC_d8803.dir/CheckSymbolExists.c.o  -o cmTC_d8803 
CMakeFiles/cmTC_d8803.dir/CheckSymbolExists.c.o: In function `main':
CheckSymbolExists.c:(.text+0x1b): undefined reference to `pthread_create'
collect2: error: ld returned 1 exit status
CMakeFiles/cmTC_d8803.dir/build.make:97: recipe for target 'cmTC_d8803' failed
make[1]: *** [cmTC_d8803] Error 1
make[1]: Leaving directory '/home/jakub/dev/repos/chandy-misra/cmake-build-debug/CMakeFiles/CMakeTmp'
Makefile:126: recipe for target 'cmTC_d8803/fast' failed
make: *** [cmTC_d8803/fast] Error 2

File /home/jakub/dev/repos/chandy-misra/cmake-build-debug/CMakeFiles/CMakeTmp/CheckSymbolExists.c:
/* */
#include <pthread.h>

int main(int argc, char** argv)
{
  (void)argv;
#ifndef pthread_create
  return ((int*)(&pthread_create))[argc];
#else
  (void)argc;
  return 0;
#endif
}

